Determining if the function XOpenDisplay exists in the /usr/lib/x86_64-linux-gnu/libX11.so;/usr/lib/x86_64-linux-gnu/libXext.so failed with the following output:


Determining if the function XOpenDisplay exists in the /usr/lib/x86_64-linux-gnu/libX11.so;/usr/lib/x86_64-linux-gnu/libXext.so failed with the following output:


Determining if the function dnet_ntoa exists in the dnet failed with the following output:
Change Dir: /home/lewin/Projekty/C++/Caterpillars/Caterpillars/build/CMakeFiles/CMakeTmp

Run Build Command:"/usr/bin/make" "cmTryCompileExec1335738462/fast"
make: *** No rule to make target 'cmTryCompileExec1335738462/fast'.  Stop.


Determining if the function dnet_ntoa exists in the dnet failed with the following output:
Change Dir: /home/lewin/Projekty/C++/Caterpillars/Caterpillars/build/CMakeFiles/CMakeTmp

Run Build Command:"/usr/bin/make" "cmTryCompileExec1915056166/fast"
make[1]: Entering directory '/home/lewin/Projekty/C++/Caterpillars/Caterpillars/build/CMakeFiles/CMakeTmp'
/usr/bin/make -f CMakeFiles/cmTryCompileExec1915056166.dir/build.make CMakeFiles/cmTryCompileExec1915056166.dir/build
make[2]: Entering directory '/home/lewin/Projekty/C++/Caterpillars/Caterpillars/build/CMakeFiles/CMakeTmp'
/usr/bin/cmake -E cmake_progress_report /home/lewin/Projekty/C++/Caterpillars/Caterpillars/build/CMakeFiles/CMakeTmp/CMakeFiles 1
Building C object CMakeFiles/cmTryCompileExec1915056166.dir/CheckFunctionExists.c.o
/usr/bin/cc   -DCHECK_FUNCTION_EXISTS=dnet_ntoa   -o CMakeFiles/cmTryCompileExec1915056166.dir/CheckFunctionExists.c.o   -c /usr/share/cmake-3.2/Modules/CheckFunctionExists.c
Assembler messages:
Fatal error: can't create CMakeFiles/cmTryCompileExec1915056166.dir/CheckFunctionExists.c.o: No such file or directory
CMakeFiles/cmTryCompileExec1915056166.dir/build.make:57: recipe for target 'CMakeFiles/cmTryCompileExec1915056166.dir/CheckFunctionExists.c.o' failed
make[2]: *** [CMakeFiles/cmTryCompileExec1915056166.dir/CheckFunctionExists.c.o] Error 1
make[2]: Leaving directory '/home/lewin/Projekty/C++/Caterpillars/Caterpillars/build/CMakeFiles/CMakeTmp'
Makefile:117: recipe for target 'cmTryCompileExec1915056166/fast' failed
make[1]: *** [cmTryCompileExec1915056166/fast] Error 2
make[1]: Leaving directory '/home/lewin/Projekty/C++/Caterpillars/Caterpillars/build/CMakeFiles/CMakeTmp'


Determining if the function dnet_ntoa exists in the dnet_stub failed with the following output:
Change Dir: /home/lewin/Projekty/C++/Caterpillars/Caterpillars/build/CMakeFiles/CMakeTmp

Run Build Command:"/usr/bin/make" "cmTryCompileExec2403095710/fast"
/usr/bin/make -f CMakeFiles/cmTryCompileExec2403095710.dir/build.make CMakeFiles/cmTryCompileExec2403095710.dir/build
make[1]: Entering directory '/home/lewin/Projekty/C++/Caterpillars/Caterpillars/build/CMakeFiles/CMakeTmp'
/usr/bin/cmake -E cmake_progress_report /home/lewin/Projekty/C++/Caterpillars/Caterpillars/build/CMakeFiles/CMakeTmp/CMakeFiles 1
Building C object CMakeFiles/cmTryCompileExec2403095710.dir/CheckFunctionExists.c.o
/usr/bin/cc   -DCHECK_FUNCTION_EXISTS=dnet_ntoa   -o CMakeFiles/cmTryCompileExec2403095710.dir/CheckFunctionExists.c.o   -c /usr/share/cmake-3.2/Modules/CheckFunctionExists.c
Assembler messages:
Fatal error: can't create CMakeFiles/cmTryCompileExec2403095710.dir/CheckFunctionExists.c.o: No such file or directory
CMakeFiles/cmTryCompileExec2403095710.dir/build.make:57: recipe for target 'CMakeFiles/cmTryCompileExec2403095710.dir/CheckFunctionExists.c.o' failed
make[1]: Leaving directory '/home/lewin/Projekty/C++/Caterpillars/Caterpillars/build/CMakeFiles/CMakeTmp'
make[1]: *** [CMakeFiles/cmTryCompileExec2403095710.dir/CheckFunctionExists.c.o] Error 1
Makefile:117: recipe for target 'cmTryCompileExec2403095710/fast' failed
make: *** [cmTryCompileExec2403095710/fast] Error 2


Determining if the function dnet_ntoa exists in the dnet_stub failed with the following output:
Change Dir: /home/lewin/Projekty/C++/Caterpillars/Caterpillars/build/CMakeFiles/CMakeTmp

Run Build Command:"/usr/bin/make" "cmTryCompileExec2347789368/fast"
make[1]: Entering directory '/home/lewin/Projekty/C++/Caterpillars/Caterpillars/build/CMakeFiles/CMakeTmp'
/usr/bin/make -f CMakeFiles/cmTryCompileExec2347789368.dir/build.make CMakeFiles/cmTryCompileExec2347789368.dir/build
make[2]: Entering directory '/home/lewin/Projekty/C++/Caterpillars/Caterpillars/build/CMakeFiles/CMakeTmp'
/usr/bin/cmake -E cmake_progress_report /home/lewin/Projekty/C++/Caterpillars/Caterpillars/build/CMakeFiles/CMakeTmp/CMakeFiles 1
Building C object CMakeFiles/cmTryCompileExec2347789368.dir/CheckFunctionExists.c.o
/usr/bin/cc   -DCHECK_FUNCTION_EXISTS=dnet_ntoa   -o CMakeFiles/cmTryCompileExec2347789368.dir/CheckFunctionExists.c.o   -c /usr/share/cmake-3.2/Modules/CheckFunctionExists.c
Assembler messages:
Fatal error: can't create CMakeFiles/cmTryCompileExec2347789368.dir/CheckFunctionExists.c.o: No such file or directory
CMakeFiles/cmTryCompileExec2347789368.dir/build.make:57: recipe for target 'CMakeFiles/cmTryCompileExec2347789368.dir/CheckFunctionExists.c.o' failed
make[2]: *** [CMakeFiles/cmTryCompileExec2347789368.dir/CheckFunctionExists.c.o] Error 1
make[2]: Leaving directory '/home/lewin/Projekty/C++/Caterpillars/Caterpillars/build/CMakeFiles/CMakeTmp'
Makefile:117: recipe for target 'cmTryCompileExec2347789368/fast' failed
make[1]: Leaving directory '/home/lewin/Projekty/C++/Caterpillars/Caterpillars/build/CMakeFiles/CMakeTmp'
make[1]: *** [cmTryCompileExec2347789368/fast] Error 2


Determining if the function gethostbyname exists failed with the following output:
Change Dir: /home/lewin/Projekty/C++/Caterpillars/Caterpillars/build/CMakeFiles/CMakeTmp

Run Build Command:"/usr/bin/make" "cmTryCompileExec1666966879/fast"
/usr/bin/make -f CMakeFiles/cmTryCompileExec1666966879.dir/build.make CMakeFiles/cmTryCompileExec1666966879.dir/build
make[1]: Entering directory '/home/lewin/Projekty/C++/Caterpillars/Caterpillars/build/CMakeFiles/CMakeTmp'
/usr/bin/cmake -E cmake_progress_report /home/lewin/Projekty/C++/Caterpillars/Caterpillars/build/CMakeFiles/CMakeTmp/CMakeFiles 1
Building C object CMakeFiles/cmTryCompileExec1666966879.dir/CheckFunctionExists.c.o
/usr/bin/cc   -DCHECK_FUNCTION_EXISTS=gethostbyname   -o CMakeFiles/cmTryCompileExec1666966879.dir/CheckFunctionExists.c.o   -c /usr/share/cmake-3.2/Modules/CheckFunctionExists.c
Assembler messages:
Fatal error: can't create CMakeFiles/cmTryCompileExec1666966879.dir/CheckFunctionExists.c.o: No such file or directory
CMakeFiles/cmTryCompileExec1666966879.dir/build.make:57: recipe for target 'CMakeFiles/cmTryCompileExec1666966879.dir/CheckFunctionExists.c.o' failed
make[1]: Leaving directory '/home/lewin/Projekty/C++/Caterpillars/Caterpillars/build/CMakeFiles/CMakeTmp'
make[1]: *** [CMakeFiles/cmTryCompileExec1666966879.dir/CheckFunctionExists.c.o] Error 1
Makefile:117: recipe for target 'cmTryCompileExec1666966879/fast' failed
make: *** [cmTryCompileExec1666966879/fast] Error 2


Determining if the function gethostbyname exists failed with the following output:
Change Dir: /home/lewin/Projekty/C++/Caterpillars/Caterpillars/build/CMakeFiles/CMakeTmp

Run Build Command:"/usr/bin/make" "cmTryCompileExec3587098807/fast"
make[1]: Entering directory '/home/lewin/Projekty/C++/Caterpillars/Caterpillars/build/CMakeFiles/CMakeTmp'
/usr/bin/make -f CMakeFiles/cmTryCompileExec3587098807.dir/build.make CMakeFiles/cmTryCompileExec3587098807.dir/build
make[2]: Entering directory '/home/lewin/Projekty/C++/Caterpillars/Caterpillars/build/CMakeFiles/CMakeTmp'
make[2]: CMakeFiles/cmTryCompileExec3587098807.dir/build.make: No such file or directory
make[2]: *** No rule to make target 'CMakeFiles/cmTryCompileExec3587098807.dir/build.make'.  Stop.
make[2]: Leaving directory '/home/lewin/Projekty/C++/Caterpillars/Caterpillars/build/CMakeFiles/CMakeTmp'
Makefile:117: recipe for target 'cmTryCompileExec3587098807/fast' failed
make[1]: *** [cmTryCompileExec3587098807/fast] Error 2
make[1]: Leaving directory '/home/lewin/Projekty/C++/Caterpillars/Caterpillars/build/CMakeFiles/CMakeTmp'


Determining if the function gethostbyname exists in the nsl failed with the following output:


Determining if the function gethostbyname exists in the nsl failed with the following output:
Change Dir: /home/lewin/Projekty/C++/Caterpillars/Caterpillars/build/CMakeFiles/CMakeTmp

Run Build Command:"/usr/bin/make" "cmTryCompileExec2997461422/fast"
make[1]: Entering directory '/home/lewin/Projekty/C++/Caterpillars/Caterpillars/build/CMakeFiles/CMakeTmp'
make[1]: *** No rule to make target 'cmTryCompileExec2997461422/fast'.  Stop.
make[1]: Leaving directory '/home/lewin/Projekty/C++/Caterpillars/Caterpillars/build/CMakeFiles/CMakeTmp'


Determining if the function gethostbyname exists in the bsd failed with the following output:
Change Dir: /home/lewin/Projekty/C++/Caterpillars/Caterpillars/build/CMakeFiles/CMakeTmp

Run Build Command:"/usr/bin/make" "cmTryCompileExec4289091660/fast"
/usr/bin/make -f CMakeFiles/cmTryCompileExec4289091660.dir/build.make CMakeFiles/cmTryCompileExec4289091660.dir/build
make[1]: Entering directory '/home/lewin/Projekty/C++/Caterpillars/Caterpillars/build/CMakeFiles/CMakeTmp'
/usr/bin/cmake -E cmake_progress_report /home/lewin/Projekty/C++/Caterpillars/Caterpillars/build/CMakeFiles/CMakeTmp/CMakeFiles 1
Building C object CMakeFiles/cmTryCompileExec4289091660.dir/CheckFunctionExists.c.o
/usr/bin/cc   -DCHECK_FUNCTION_EXISTS=gethostbyname   -o CMakeFiles/cmTryCompileExec4289091660.dir/CheckFunctionExists.c.o   -c /usr/share/cmake-3.2/Modules/CheckFunctionExists.c
Assembler messages:
Fatal error: can't create CMakeFiles/cmTryCompileExec4289091660.dir/CheckFunctionExists.c.o: No such file or directory
CMakeFiles/cmTryCompileExec4289091660.dir/build.make:57: recipe for target 'CMakeFiles/cmTryCompileExec4289091660.dir/CheckFunctionExists.c.o' failed
make[1]: Leaving directory '/home/lewin/Projekty/C++/Caterpillars/Caterpillars/build/CMakeFiles/CMakeTmp'
Makefile:117: recipe for target 'cmTryCompileExec4289091660/fast' failed
make[1]: *** [CMakeFiles/cmTryCompileExec4289091660.dir/CheckFunctionExists.c.o] Error 1
make: *** [cmTryCompileExec4289091660/fast] Error 2


Determining if the function gethostbyname exists in the bsd failed with the following output:
Change Dir: /home/lewin/Projekty/C++/Caterpillars/Caterpillars/build/CMakeFiles/CMakeTmp

Run Build Command:"/usr/bin/make" "cmTryCompileExec3470452538/fast"
make[1]: Entering directory '/home/lewin/Projekty/C++/Caterpillars/Caterpillars/build/CMakeFiles/CMakeTmp'
/usr/bin/make -f CMakeFiles/cmTryCompileExec3470452538.dir/build.make CMakeFiles/cmTryCompileExec3470452538.dir/build
make[2]: Entering directory '/home/lewin/Projekty/C++/Caterpillars/Caterpillars/build/CMakeFiles/CMakeTmp'
/usr/bin/cmake -E cmake_progress_report /home/lewin/Projekty/C++/Caterpillars/Caterpillars/build/CMakeFiles/CMakeTmp/CMakeFiles 1
Building C object CMakeFiles/cmTryCompileExec3470452538.dir/CheckFunctionExists.c.o
/usr/bin/cc   -DCHECK_FUNCTION_EXISTS=gethostbyname   -o CMakeFiles/cmTryCompileExec3470452538.dir/CheckFunctionExists.c.o   -c /usr/share/cmake-3.2/Modules/CheckFunctionExists.c
Assembler messages:
Fatal error: can't create CMakeFiles/cmTryCompileExec3470452538.dir/CheckFunctionExists.c.o: No such file or directory
CMakeFiles/cmTryCompileExec3470452538.dir/build.make:57: recipe for target 'CMakeFiles/cmTryCompileExec3470452538.dir/CheckFunctionExists.c.o' failed
make[2]: *** [CMakeFiles/cmTryCompileExec3470452538.dir/CheckFunctionExists.c.o] Error 1
make[2]: Leaving directory '/home/lewin/Projekty/C++/Caterpillars/Caterpillars/build/CMakeFiles/CMakeTmp'
Makefile:117: recipe for target 'cmTryCompileExec3470452538/fast' failed
make[1]: Leaving directory '/home/lewin/Projekty/C++/Caterpillars/Caterpillars/build/CMakeFiles/CMakeTmp'
make[1]: *** [cmTryCompileExec3470452538/fast] Error 2


Determining if the function connect exists failed with the following output:
Change Dir: /home/lewin/Projekty/C++/Caterpillars/Caterpillars/build/CMakeFiles/CMakeTmp

Run Build Command:"/usr/bin/make" "cmTryCompileExec3561358869/fast"
/usr/bin/make -f CMakeFiles/cmTryCompileExec3561358869.dir/build.make CMakeFiles/cmTryCompileExec3561358869.dir/build
make[1]: Entering directory '/home/lewin/Projekty/C++/Caterpillars/Caterpillars/build/CMakeFiles/CMakeTmp'
/usr/bin/cmake -E cmake_progress_report /home/lewin/Projekty/C++/Caterpillars/Caterpillars/build/CMakeFiles/CMakeTmp/CMakeFiles 1
Building C object CMakeFiles/cmTryCompileExec3561358869.dir/CheckFunctionExists.c.o
/usr/bin/cc   -DCHECK_FUNCTION_EXISTS=connect   -o CMakeFiles/cmTryCompileExec3561358869.dir/CheckFunctionExists.c.o   -c /usr/share/cmake-3.2/Modules/CheckFunctionExists.c
Assembler messages:
Fatal error: can't create CMakeFiles/cmTryCompileExec3561358869.dir/CheckFunctionExists.c.o: No such file or directory
CMakeFiles/cmTryCompileExec3561358869.dir/build.make:57: recipe for target 'CMakeFiles/cmTryCompileExec3561358869.dir/CheckFunctionExists.c.o' failed
make[1]: *** [CMakeFiles/cmTryCompileExec3561358869.dir/CheckFunctionExists.c.o] Error 1
make[1]: Leaving directory '/home/lewin/Projekty/C++/Caterpillars/Caterpillars/build/CMakeFiles/CMakeTmp'
Makefile:117: recipe for target 'cmTryCompileExec3561358869/fast' failed
make: *** [cmTryCompileExec3561358869/fast] Error 2


Determining if the function connect exists failed with the following output:
Change Dir: /home/lewin/Projekty/C++/Caterpillars/Caterpillars/build/CMakeFiles/CMakeTmp

Run Build Command:"/usr/bin/make" "cmTryCompileExec3480118321/fast"
make[1]: Entering directory '/home/lewin/Projekty/C++/Caterpillars/Caterpillars/build/CMakeFiles/CMakeTmp'
/usr/bin/make -f CMakeFiles/cmTryCompileExec3480118321.dir/build.make CMakeFiles/cmTryCompileExec3480118321.dir/build
make[2]: Entering directory '/home/lewin/Projekty/C++/Caterpillars/Caterpillars/build/CMakeFiles/CMakeTmp'
/usr/bin/cmake -E cmake_progress_report /home/lewin/Projekty/C++/Caterpillars/Caterpillars/build/CMakeFiles/CMakeTmp/CMakeFiles 1
Building C object CMakeFiles/cmTryCompileExec3480118321.dir/CheckFunctionExists.c.o
/usr/bin/cc   -DCHECK_FUNCTION_EXISTS=connect   -o CMakeFiles/cmTryCompileExec3480118321.dir/CheckFunctionExists.c.o   -c /usr/share/cmake-3.2/Modules/CheckFunctionExists.c
Assembler messages:
Fatal error: can't create CMakeFiles/cmTryCompileExec3480118321.dir/CheckFunctionExists.c.o: No such file or directory
CMakeFiles/cmTryCompileExec3480118321.dir/build.make:57: recipe for target 'CMakeFiles/cmTryCompileExec3480118321.dir/CheckFunctionExists.c.o' failed
make[2]: Leaving directory '/home/lewin/Projekty/C++/Caterpillars/Caterpillars/build/CMakeFiles/CMakeTmp'
make[2]: *** [CMakeFiles/cmTryCompileExec3480118321.dir/CheckFunctionExists.c.o] Error 1
Makefile:117: recipe for target 'cmTryCompileExec3480118321/fast' failed
make[1]: *** [cmTryCompileExec3480118321/fast] Error 2
make[1]: Leaving directory '/home/lewin/Projekty/C++/Caterpillars/Caterpillars/build/CMakeFiles/CMakeTmp'


Determining if the function connect exists in the socket failed with the following output:
Change Dir: /home/lewin/Projekty/C++/Caterpillars/Caterpillars/build/CMakeFiles/CMakeTmp

Run Build Command:"/usr/bin/make" "cmTryCompileExec2727599615/fast"
/usr/bin/make -f CMakeFiles/cmTryCompileExec2727599615.dir/build.make CMakeFiles/cmTryCompileExec2727599615.dir/build
make[1]: Entering directory '/home/lewin/Projekty/C++/Caterpillars/Caterpillars/build/CMakeFiles/CMakeTmp'
/usr/bin/cmake -E cmake_progress_report /home/lewin/Projekty/C++/Caterpillars/Caterpillars/build/CMakeFiles/CMakeTmp/CMakeFiles 1
Building C object CMakeFiles/cmTryCompileExec2727599615.dir/CheckFunctionExists.c.o
/usr/bin/cc   -DCHECK_FUNCTION_EXISTS=connect   -o CMakeFiles/cmTryCompileExec2727599615.dir/CheckFunctionExists.c.o   -c /usr/share/cmake-3.2/Modules/CheckFunctionExists.c
Assembler messages:
Fatal error: can't create CMakeFiles/cmTryCompileExec2727599615.dir/CheckFunctionExists.c.o: No such file or directory
CMakeFiles/cmTryCompileExec2727599615.dir/build.make:57: recipe for target 'CMakeFiles/cmTryCompileExec2727599615.dir/CheckFunctionExists.c.o' failed
make[1]: Leaving directory '/home/lewin/Projekty/C++/Caterpillars/Caterpillars/build/CMakeFiles/CMakeTmp'
Makefile:117: recipe for target 'cmTryCompileExec2727599615/fast' failed
make[1]: *** [CMakeFiles/cmTryCompileExec2727599615.dir/CheckFunctionExists.c.o] Error 1
make: *** [cmTryCompileExec2727599615/fast] Error 2


Determining if the function connect exists in the socket failed with the following output:
Change Dir: /home/lewin/Projekty/C++/Caterpillars/Caterpillars/build/CMakeFiles/CMakeTmp

Run Build Command:"/usr/bin/make" "cmTryCompileExec3207005380/fast"
make[1]: Entering directory '/home/lewin/Projekty/C++/Caterpillars/Caterpillars/build/CMakeFiles/CMakeTmp'
/usr/bin/make -f CMakeFiles/cmTryCompileExec3207005380.dir/build.make CMakeFiles/cmTryCompileExec3207005380.dir/build
make[2]: Entering directory '/home/lewin/Projekty/C++/Caterpillars/Caterpillars/build/CMakeFiles/CMakeTmp'
/usr/bin/cmake -E cmake_progress_report /home/lewin/Projekty/C++/Caterpillars/Caterpillars/build/CMakeFiles/CMakeTmp/CMakeFiles 1
Building C object CMakeFiles/cmTryCompileExec3207005380.dir/CheckFunctionExists.c.o
/usr/bin/cc   -DCHECK_FUNCTION_EXISTS=connect   -o CMakeFiles/cmTryCompileExec3207005380.dir/CheckFunctionExists.c.o   -c /usr/share/cmake-3.2/Modules/CheckFunctionExists.c
Assembler messages:
Fatal error: can't create CMakeFiles/cmTryCompileExec3207005380.dir/CheckFunctionExists.c.o: No such file or directory
CMakeFiles/cmTryCompileExec3207005380.dir/build.make:57: recipe for target 'CMakeFiles/cmTryCompileExec3207005380.dir/CheckFunctionExists.c.o' failed
make[2]: *** [CMakeFiles/cmTryCompileExec3207005380.dir/CheckFunctionExists.c.o] Error 1
make[2]: Leaving directory '/home/lewin/Projekty/C++/Caterpillars/Caterpillars/build/CMakeFiles/CMakeTmp'
Makefile:117: recipe for target 'cmTryCompileExec3207005380/fast' failed
make[1]: *** [cmTryCompileExec3207005380/fast] Error 2
make[1]: Leaving directory '/home/lewin/Projekty/C++/Caterpillars/Caterpillars/build/CMakeFiles/CMakeTmp'


Determining if the function remove exists failed with the following output:
Change Dir: /home/lewin/Projekty/C++/Caterpillars/Caterpillars/build/CMakeFiles/CMakeTmp

Run Build Command:"/usr/bin/make" "cmTryCompileExec774091816/fast"
/usr/bin/make -f CMakeFiles/cmTryCompileExec774091816.dir/build.make CMakeFiles/cmTryCompileExec774091816.dir/build
make[1]: Entering directory '/home/lewin/Projekty/C++/Caterpillars/Caterpillars/build/CMakeFiles/CMakeTmp'
/usr/bin/cmake -E cmake_progress_report /home/lewin/Projekty/C++/Caterpillars/Caterpillars/build/CMakeFiles/CMakeTmp/CMakeFiles 1
Building C object CMakeFiles/cmTryCompileExec774091816.dir/CheckFunctionExists.c.o
/usr/bin/cc   -DCHECK_FUNCTION_EXISTS=remove   -o CMakeFiles/cmTryCompileExec774091816.dir/CheckFunctionExists.c.o   -c /usr/share/cmake-3.2/Modules/CheckFunctionExists.c
Assembler messages:
Fatal error: can't create CMakeFiles/cmTryCompileExec774091816.dir/CheckFunctionExists.c.o: No such file or directory
CMakeFiles/cmTryCompileExec774091816.dir/build.make:57: recipe for target 'CMakeFiles/cmTryCompileExec774091816.dir/CheckFunctionExists.c.o' failed
make[1]: *** [CMakeFiles/cmTryCompileExec774091816.dir/CheckFunctionExists.c.o] Error 1
make[1]: Leaving directory '/home/lewin/Projekty/C++/Caterpillars/Caterpillars/build/CMakeFiles/CMakeTmp'
Makefile:117: recipe for target 'cmTryCompileExec774091816/fast' failed
make: *** [cmTryCompileExec774091816/fast] Error 2


Determining if the function remove exists failed with the following output:
Change Dir: /home/lewin/Projekty/C++/Caterpillars/Caterpillars/build/CMakeFiles/CMakeTmp

Run Build Command:"/usr/bin/make" "cmTryCompileExec3023619699/fast"
make[1]: Entering directory '/home/lewin/Projekty/C++/Caterpillars/Caterpillars/build/CMakeFiles/CMakeTmp'
/usr/bin/make -f CMakeFiles/cmTryCompileExec3023619699.dir/build.make CMakeFiles/cmTryCompileExec3023619699.dir/build
make[2]: Entering directory '/home/lewin/Projekty/C++/Caterpillars/Caterpillars/build/CMakeFiles/CMakeTmp'
/usr/bin/cmake -E cmake_progress_report /home/lewin/Projekty/C++/Caterpillars/Caterpillars/build/CMakeFiles/CMakeTmp/CMakeFiles 1
Building C object CMakeFiles/cmTryCompileExec3023619699.dir/CheckFunctionExists.c.o
/usr/bin/cc   -DCHECK_FUNCTION_EXISTS=remove   -o CMakeFiles/cmTryCompileExec3023619699.dir/CheckFunctionExists.c.o   -c /usr/share/cmake-3.2/Modules/CheckFunctionExists.c
Assembler messages:
Fatal error: can't create CMakeFiles/cmTryCompileExec3023619699.dir/CheckFunctionExists.c.o: No such file or directory
CMakeFiles/cmTryCompileExec3023619699.dir/build.make:57: recipe for target 'CMakeFiles/cmTryCompileExec3023619699.dir/CheckFunctionExists.c.o' failed
make[2]: *** [CMakeFiles/cmTryCompileExec3023619699.dir/CheckFunctionExists.c.o] Error 1
make[2]: Leaving directory '/home/lewin/Projekty/C++/Caterpillars/Caterpillars/build/CMakeFiles/CMakeTmp'
Makefile:117: recipe for target 'cmTryCompileExec3023619699/fast' failed
make[1]: Leaving directory '/home/lewin/Projekty/C++/Caterpillars/Caterpillars/build/CMakeFiles/CMakeTmp'
make[1]: *** [cmTryCompileExec3023619699/fast] Error 2


Determining if the function remove exists in the posix failed with the following output:
Change Dir: /home/lewin/Projekty/C++/Caterpillars/Caterpillars/build/CMakeFiles/CMakeTmp

Run Build Command:"/usr/bin/make" "cmTryCompileExec3670853936/fast"
/usr/bin/make -f CMakeFiles/cmTryCompileExec3670853936.dir/build.make CMakeFiles/cmTryCompileExec3670853936.dir/build
make[1]: Entering directory '/home/lewin/Projekty/C++/Caterpillars/Caterpillars/build/CMakeFiles/CMakeTmp'
/usr/bin/cmake -E cmake_progress_report /home/lewin/Projekty/C++/Caterpillars/Caterpillars/build/CMakeFiles/CMakeTmp/CMakeFiles 1
Building C object CMakeFiles/cmTryCompileExec3670853936.dir/CheckFunctionExists.c.o
/usr/bin/cc   -DCHECK_FUNCTION_EXISTS=remove   -o CMakeFiles/cmTryCompileExec3670853936.dir/CheckFunctionExists.c.o   -c /usr/share/cmake-3.2/Modules/CheckFunctionExists.c
Assembler messages:
Fatal error: can't create CMakeFiles/cmTryCompileExec3670853936.dir/CheckFunctionExists.c.o: No such file or directory
CMakeFiles/cmTryCompileExec3670853936.dir/build.make:57: recipe for target 'CMakeFiles/cmTryCompileExec3670853936.dir/CheckFunctionExists.c.o' failed
make[1]: *** [CMakeFiles/cmTryCompileExec3670853936.dir/CheckFunctionExists.c.o] Error 1
make[1]: Leaving directory '/home/lewin/Projekty/C++/Caterpillars/Caterpillars/build/CMakeFiles/CMakeTmp'
Makefile:117: recipe for target 'cmTryCompileExec3670853936/fast' failed
make: *** [cmTryCompileExec3670853936/fast] Error 2


Determining if the function remove exists in the posix failed with the following output:
Change Dir: /home/lewin/Projekty/C++/Caterpillars/Caterpillars/build/CMakeFiles/CMakeTmp

Run Build Command:"/usr/bin/make" "cmTryCompileExec2129326261/fast"
make[1]: Entering directory '/home/lewin/Projekty/C++/Caterpillars/Caterpillars/build/CMakeFiles/CMakeTmp'
/usr/bin/make -f CMakeFiles/cmTryCompileExec2129326261.dir/build.make CMakeFiles/cmTryCompileExec2129326261.dir/build
make[2]: Entering directory '/home/lewin/Projekty/C++/Caterpillars/Caterpillars/build/CMakeFiles/CMakeTmp'
/usr/bin/cmake -E cmake_progress_report /home/lewin/Projekty/C++/Caterpillars/Caterpillars/build/CMakeFiles/CMakeTmp/CMakeFiles 1
Building C object CMakeFiles/cmTryCompileExec2129326261.dir/CheckFunctionExists.c.o
/usr/bin/cc   -DCHECK_FUNCTION_EXISTS=remove   -o CMakeFiles/cmTryCompileExec2129326261.dir/CheckFunctionExists.c.o   -c /usr/share/cmake-3.2/Modules/CheckFunctionExists.c
Assembler messages:
Fatal error: can't create CMakeFiles/cmTryCompileExec2129326261.dir/CheckFunctionExists.c.o: No such file or directory
CMakeFiles/cmTryCompileExec2129326261.dir/build.make:57: recipe for target 'CMakeFiles/cmTryCompileExec2129326261.dir/CheckFunctionExists.c.o' failed
make[2]: Leaving directory '/home/lewin/Projekty/C++/Caterpillars/Caterpillars/build/CMakeFiles/CMakeTmp'
make[2]: *** [CMakeFiles/cmTryCompileExec2129326261.dir/CheckFunctionExists.c.o] Error 1
Makefile:117: recipe for target 'cmTryCompileExec2129326261/fast' failed
make[1]: *** [cmTryCompileExec2129326261/fast] Error 2
make[1]: Leaving directory '/home/lewin/Projekty/C++/Caterpillars/Caterpillars/build/CMakeFiles/CMakeTmp'


Determining if the function shmat exists failed with the following output:
Change Dir: /home/lewin/Projekty/C++/Caterpillars/Caterpillars/build/CMakeFiles/CMakeTmp

Run Build Command:"/usr/bin/make" "cmTryCompileExec1644296769/fast"
/usr/bin/make -f CMakeFiles/cmTryCompileExec1644296769.dir/build.make CMakeFiles/cmTryCompileExec1644296769.dir/build
make[1]: Entering directory '/home/lewin/Projekty/C++/Caterpillars/Caterpillars/build/CMakeFiles/CMakeTmp'
/usr/bin/cmake -E cmake_progress_report /home/lewin/Projekty/C++/Caterpillars/Caterpillars/build/CMakeFiles/CMakeTmp/CMakeFiles 1
Building C object CMakeFiles/cmTryCompileExec1644296769.dir/CheckFunctionExists.c.o
/usr/bin/cc   -DCHECK_FUNCTION_EXISTS=shmat   -o CMakeFiles/cmTryCompileExec1644296769.dir/CheckFunctionExists.c.o   -c /usr/share/cmake-3.2/Modules/CheckFunctionExists.c
Assembler messages:
Fatal error: can't create CMakeFiles/cmTryCompileExec1644296769.dir/CheckFunctionExists.c.o: No such file or directory
CMakeFiles/cmTryCompileExec1644296769.dir/build.make:57: recipe for target 'CMakeFiles/cmTryCompileExec1644296769.dir/CheckFunctionExists.c.o' failed
make[1]: *** [CMakeFiles/cmTryCompileExec1644296769.dir/CheckFunctionExists.c.o] Error 1
make[1]: Leaving directory '/home/lewin/Projekty/C++/Caterpillars/Caterpillars/build/CMakeFiles/CMakeTmp'
Makefile:117: recipe for target 'cmTryCompileExec1644296769/fast' failed
make: *** [cmTryCompileExec1644296769/fast] Error 2


Determining if the function shmat exists failed with the following output:
Change Dir: /home/lewin/Projekty/C++/Caterpillars/Caterpillars/build/CMakeFiles/CMakeTmp

Run Build Command:"/usr/bin/make" "cmTryCompileExec3512734981/fast"
make[1]: Entering directory '/home/lewin/Projekty/C++/Caterpillars/Caterpillars/build/CMakeFiles/CMakeTmp'
/usr/bin/make -f CMakeFiles/cmTryCompileExec3512734981.dir/build.make CMakeFiles/cmTryCompileExec3512734981.dir/build
make[2]: Entering directory '/home/lewin/Projekty/C++/Caterpillars/Caterpillars/build/CMakeFiles/CMakeTmp'
/usr/bin/cmake -E cmake_progress_report /home/lewin/Projekty/C++/Caterpillars/Caterpillars/build/CMakeFiles/CMakeTmp/CMakeFiles 1
Building C object CMakeFiles/cmTryCompileExec3512734981.dir/CheckFunctionExists.c.o
/usr/bin/cc   -DCHECK_FUNCTION_EXISTS=shmat   -o CMakeFiles/cmTryCompileExec3512734981.dir/CheckFunctionExists.c.o   -c /usr/share/cmake-3.2/Modules/CheckFunctionExists.c
Assembler messages:
Fatal error: can't create CMakeFiles/cmTryCompileExec3512734981.dir/CheckFunctionExists.c.o: No such file or directory
CMakeFiles/cmTryCompileExec3512734981.dir/build.make:57: recipe for target 'CMakeFiles/cmTryCompileExec3512734981.dir/CheckFunctionExists.c.o' failed
make[2]: Leaving directory '/home/lewin/Projekty/C++/Caterpillars/Caterpillars/build/CMakeFiles/CMakeTmp'
make[2]: *** [CMakeFiles/cmTryCompileExec3512734981.dir/CheckFunctionExists.c.o] Error 1
Makefile:117: recipe for target 'cmTryCompileExec3512734981/fast' failed
make[1]: Leaving directory '/home/lewin/Projekty/C++/Caterpillars/Caterpillars/build/CMakeFiles/CMakeTmp'
make[1]: *** [cmTryCompileExec3512734981/fast] Error 2


Determining if the function shmat exists in the ipc failed with the following output:
Change Dir: /home/lewin/Projekty/C++/Caterpillars/Caterpillars/build/CMakeFiles/CMakeTmp

Run Build Command:"/usr/bin/make" "cmTryCompileExec2334634206/fast"
/usr/bin/make -f CMakeFiles/cmTryCompileExec2334634206.dir/build.make CMakeFiles/cmTryCompileExec2334634206.dir/build
make[1]: Entering directory '/home/lewin/Projekty/C++/Caterpillars/Caterpillars/build/CMakeFiles/CMakeTmp'
/usr/bin/cmake -E cmake_progress_report /home/lewin/Projekty/C++/Caterpillars/Caterpillars/build/CMakeFiles/CMakeTmp/CMakeFiles 1
Building C object CMakeFiles/cmTryCompileExec2334634206.dir/CheckFunctionExists.c.o
/usr/bin/cc   -DCHECK_FUNCTION_EXISTS=shmat   -o CMakeFiles/cmTryCompileExec2334634206.dir/CheckFunctionExists.c.o   -c /usr/share/cmake-3.2/Modules/CheckFunctionExists.c
Assembler messages:
Fatal error: can't create CMakeFiles/cmTryCompileExec2334634206.dir/CheckFunctionExists.c.o: No such file or directory
CMakeFiles/cmTryCompileExec2334634206.dir/build.make:57: recipe for target 'CMakeFiles/cmTryCompileExec2334634206.dir/CheckFunctionExists.c.o' failed
make[1]: Leaving directory '/home/lewin/Projekty/C++/Caterpillars/Caterpillars/build/CMakeFiles/CMakeTmp'
make[1]: *** [CMakeFiles/cmTryCompileExec2334634206.dir/CheckFunctionExists.c.o] Error 1
Makefile:117: recipe for target 'cmTryCompileExec2334634206/fast' failed
make: *** [cmTryCompileExec2334634206/fast] Error 2


Determining if the function shmat exists in the ipc failed with the following output:
Change Dir: /home/lewin/Projekty/C++/Caterpillars/Caterpillars/build/CMakeFiles/CMakeTmp

Run Build Command:"/usr/bin/make" "cmTryCompileExec798606920/fast"
make[1]: Entering directory '/home/lewin/Projekty/C++/Caterpillars/Caterpillars/build/CMakeFiles/CMakeTmp'
/usr/bin/make -f CMakeFiles/cmTryCompileExec798606920.dir/build.make CMakeFiles/cmTryCompileExec798606920.dir/build
make[2]: Entering directory '/home/lewin/Projekty/C++/Caterpillars/Caterpillars/build/CMakeFiles/CMakeTmp'
/usr/bin/cmake -E cmake_progress_report /home/lewin/Projekty/C++/Caterpillars/Caterpillars/build/CMakeFiles/CMakeTmp/CMakeFiles 1
Building C object CMakeFiles/cmTryCompileExec798606920.dir/CheckFunctionExists.c.o
/usr/bin/cc   -DCHECK_FUNCTION_EXISTS=shmat   -o CMakeFiles/cmTryCompileExec798606920.dir/CheckFunctionExists.c.o   -c /usr/share/cmake-3.2/Modules/CheckFunctionExists.c
Assembler messages:
Fatal error: can't create CMakeFiles/cmTryCompileExec798606920.dir/CheckFunctionExists.c.o: No such file or directory
CMakeFiles/cmTryCompileExec798606920.dir/build.make:57: recipe for target 'CMakeFiles/cmTryCompileExec798606920.dir/CheckFunctionExists.c.o' failed
make[2]: *** [CMakeFiles/cmTryCompileExec798606920.dir/CheckFunctionExists.c.o] Error 1
make[2]: Leaving directory '/home/lewin/Projekty/C++/Caterpillars/Caterpillars/build/CMakeFiles/CMakeTmp'
Makefile:117: recipe for target 'cmTryCompileExec798606920/fast' failed
make[1]: Leaving directory '/home/lewin/Projekty/C++/Caterpillars/Caterpillars/build/CMakeFiles/CMakeTmp'
make[1]: *** [cmTryCompileExec798606920/fast] Error 2


Determining if the function IceConnectionNumber exists in the ICE failed with the following output:
Change Dir: /home/lewin/Projekty/C++/Caterpillars/Caterpillars/build/CMakeFiles/CMakeTmp

Run Build Command:"/usr/bin/make" "cmTryCompileExec2815619563/fast"
/usr/bin/make -f CMakeFiles/cmTryCompileExec2815619563.dir/build.make CMakeFiles/cmTryCompileExec2815619563.dir/build
make[1]: Entering directory '/home/lewin/Projekty/C++/Caterpillars/Caterpillars/build/CMakeFiles/CMakeTmp'
/usr/bin/cmake -E cmake_progress_report /home/lewin/Projekty/C++/Caterpillars/Caterpillars/build/CMakeFiles/CMakeTmp/CMakeFiles 1
Building C object CMakeFiles/cmTryCompileExec2815619563.dir/CheckFunctionExists.c.o
/usr/bin/cc   -DCHECK_FUNCTION_EXISTS=IceConnectionNumber   -o CMakeFiles/cmTryCompileExec2815619563.dir/CheckFunctionExists.c.o   -c /usr/share/cmake-3.2/Modules/CheckFunctionExists.c
Assembler messages:
Fatal error: can't create CMakeFiles/cmTryCompileExec2815619563.dir/CheckFunctionExists.c.o: No such file or directory
CMakeFiles/cmTryCompileExec2815619563.dir/build.make:57: recipe for target 'CMakeFiles/cmTryCompileExec2815619563.dir/CheckFunctionExists.c.o' failed
make[1]: *** [CMakeFiles/cmTryCompileExec2815619563.dir/CheckFunctionExists.c.o] Error 1
make[1]: Leaving directory '/home/lewin/Projekty/C++/Caterpillars/Caterpillars/build/CMakeFiles/CMakeTmp'
Makefile:117: recipe for target 'cmTryCompileExec2815619563/fast' failed
make: *** [cmTryCompileExec2815619563/fast] Error 2


Determining if the function IceConnectionNumber exists in the ICE failed with the following output:
Change Dir: /home/lewin/Projekty/C++/Caterpillars/Caterpillars/build/CMakeFiles/CMakeTmp

Run Build Command:"/usr/bin/make" "cmTryCompileExec171867159/fast"
make[1]: Entering directory '/home/lewin/Projekty/C++/Caterpillars/Caterpillars/build/CMakeFiles/CMakeTmp'
/usr/bin/make -f CMakeFiles/cmTryCompileExec171867159.dir/build.make CMakeFiles/cmTryCompileExec171867159.dir/build
make[2]: Entering directory '/home/lewin/Projekty/C++/Caterpillars/Caterpillars/build/CMakeFiles/CMakeTmp'
/usr/bin/cmake -E cmake_progress_report /home/lewin/Projekty/C++/Caterpillars/Caterpillars/build/CMakeFiles/CMakeTmp/CMakeFiles 1
Building C object CMakeFiles/cmTryCompileExec171867159.dir/CheckFunctionExists.c.o
/usr/bin/cc   -DCHECK_FUNCTION_EXISTS=IceConnectionNumber   -o CMakeFiles/cmTryCompileExec171867159.dir/CheckFunctionExists.c.o   -c /usr/share/cmake-3.2/Modules/CheckFunctionExists.c
Assembler messages:
Fatal error: can't create CMakeFiles/cmTryCompileExec171867159.dir/CheckFunctionExists.c.o: No such file or directory
CMakeFiles/cmTryCompileExec171867159.dir/build.make:57: recipe for target 'CMakeFiles/cmTryCompileExec171867159.dir/CheckFunctionExists.c.o' failed
make[2]: *** [CMakeFiles/cmTryCompileExec171867159.dir/CheckFunctionExists.c.o] Error 1
make[2]: Leaving directory '/home/lewin/Projekty/C++/Caterpillars/Caterpillars/build/CMakeFiles/CMakeTmp'
Makefile:117: recipe for target 'cmTryCompileExec171867159/fast' failed
make[1]: *** [cmTryCompileExec171867159/fast] Error 2
make[1]: Leaving directory '/home/lewin/Projekty/C++/Caterpillars/Caterpillars/build/CMakeFiles/CMakeTmp'


